<?xml version="1.0" encoding="UTF-8"?>
<!-- Generated by org.testng.reporters.JUnitReportReporter -->
<testsuite hostname="DESKTOP-SFL19RL" failures="0" tests="1" name="com.CineverseTest.compability_test" time="47.669" errors="0" timestamp="2024-03-21T00:28:12 IST" skipped="0">
  <testcase classname="com.CineverseTest.compability_test" name="Compability_test" time="47.669"/>
</testsuite> <!-- com.CineverseTest.compability_test -->
