<?xml version="1.0" encoding="UTF-8"?>
<!-- Generated by org.testng.reporters.JUnitReportReporter -->
<testsuite hostname="DESKTOP-SFL19RL" failures="0" tests="1" name="com.CineverseTest.LoginTest" time="10.306" errors="0" timestamp="2024-03-05T23:40:54 IST" skipped="0">
  <testcase classname="com.CineverseTest.LoginTest" name="Verify_the_title_of_login_Page" time="10.306"/>
</testsuite> <!-- com.CineverseTest.LoginTest -->
