<?xml version="1.0" encoding="UTF-8"?>
<!-- Generated by org.testng.reporters.JUnitReportReporter -->
<testsuite hostname="DESKTOP-SFL19RL" failures="0" tests="2" name="com.CineverseTest.UITest" time="12.722" errors="0" timestamp="2024-03-21T00:28:12 IST" skipped="0">
  <testcase classname="com.CineverseTest.UITest" name="verify_the_FrontBannerUI_of_HomePage_TC_007" time="7.324"/>
  <testcase classname="com.CineverseTest.UITest" name="verify_the_company_Logo_TC_008" time="5.398"/>
</testsuite> <!-- com.CineverseTest.UITest -->
